./philo 3 8000 200 200
[36m0 0 is thinking
[0m[36m0 2 is thinking
[0m[33m0 2 has taken a fork
[0m[33m0 2 has taken a fork
[0m[35m0 2 is eating
[0m[36m0 1 is thinking
[0m[34m200 2 is sleeping
[0m[33m201 1 has taken a fork
[0m[33m201 1 has taken a fork
[0m[35m201 1 is eating
[0m[36m400 2 is thinking
[0m[34m401 1 is sleeping
[0m[33m401 2 has taken a fork
[0m[33m401 2 has taken a fork
[0m[35m401 2 is eating
[0m[36m601 1 is thinking
[0m[34m601 2 is sleeping
[0m[33m601 0 has taken a fork
[0m[33m601 0 has taken a fork
[0m[35m601 0 is eating
[0m[36m801 2 is thinking
[0m[34m801 0 is sleeping
[0m[33m802 1 has taken a fork
[0m[33m802 1 has taken a fork
[0m[35m802 1 is eating
[0m[36m1001 0 is thinking
[0m[34m1001 1 is sleeping
[0m[33m1001 0 has taken a fork
[0m[33m1001 0 has taken a fork
[0m[35m1001 0 is eating
[0m[34m1202 0 is sleeping
[0m[33m1202 2 has taken a fork
[0m[33m1202 2 has taken a fork
[0m[35m1202 2 is eating
[0m[36m1202 1 is thinking
[0m[34m1402 2 is sleeping
[0m[36m1402 0 is thinking
[0m[33m1402 1 has taken a fork
[0m[33m1402 1 has taken a fork
[0m[35m1402 1 is eating
[0m[34m1603 1 is sleeping
[0m[36m1603 2 is thinking
[0m[33m1603 0 has taken a fork
[0m[33m1603 0 has taken a fork
[0m[35m1603 0 is eating
[0m[36m1803 1 is thinking
[0m[34m1803 0 is sleeping
[0m[33m1803 1 has taken a fork
[0m[33m1803 1 has taken a fork
[0m[35m1803 1 is eating
[0m[34m2003 1 is sleeping
[0m[36m2003 0 is thinking
[0m[33m2003 2 has taken a fork
[0m[33m2003 2 has taken a fork
[0m[35m2003 2 is eating
[0m[36m2203 1 is thinking
[0m[34m2203 2 is sleeping
[0m[33m2203 1 has taken a fork
[0m[33m2203 1 has taken a fork
[0m[35m2203 1 is eating
[0m[34m2403 1 is sleeping
[0m[33m2403 0 has taken a fork
[0m[33m2403 0 has taken a fork
[0m[35m2403 0 is eating
[0m[36m2403 2 is thinking
[0m[34m2604 0 is sleeping
[0m[33m2604 2 has taken a fork
[0m[33m2604 2 has taken a fork
[0m[35m2604 2 is eating
[0m[36m2604 1 is thinking
[0m[36m2804 0 is thinking
[0m[34m2804 2 is sleeping
[0m[33m2805 0 has taken a fork
[0m[33m2805 0 has taken a fork
[0m[35m2805 0 is eating
[0m[36m3003 2 is thinking
[0m[34m3004 0 is sleeping
[0m[33m3004 1 has taken a fork
[0m[33m3004 1 has taken a fork
[0m[35m3004 1 is eating
[0m[36m3205 0 is thinking
[0m[34m3205 1 is sleeping
[0m[33m3205 2 has taken a fork
[0m[33m3205 2 has taken a fork
[0m[35m3205 2 is eating
[0m[34m3405 2 is sleeping
[0m[36m3405 1 is thinking
[0m[33m3406 0 has taken a fork
[0m[33m3406 0 has taken a fork
[0m[35m3406 0 is eating
[0m[36m3605 2 is thinking
[0m[34m3606 0 is sleeping
[0m[33m3606 2 has taken a fork
[0m[33m3606 2 has taken a fork
[0m[35m3606 2 is eating
[0m[36m3807 0 is thinking
[0m[34m3807 2 is sleeping
[0m[33m3807 1 has taken a fork
[0m[33m3807 1 has taken a fork
[0m[35m3807 1 is eating
[0m[36m4006 2 is thinking
[0m[34m4006 1 is sleeping
[0m[33m4006 0 has taken a fork
[0m[33m4006 0 has taken a fork
[0m[35m4006 0 is eating
[0m[36m4207 1 is thinking
[0m[34m4207 0 is sleeping
[0m[33m4207 2 has taken a fork
[0m[33m4207 2 has taken a fork
[0m[35m4207 2 is eating
[0m[36m4407 0 is thinking
[0m[34m4408 2 is sleeping
[0m[33m4408 0 has taken a fork
[0m[33m4408 0 has taken a fork
[0m[35m4408 0 is eating
[0m[36m4608 2 is thinking
[0m[34m4608 0 is sleeping
[0m[33m4609 1 has taken a fork
[0m[33m4609 1 has taken a fork
[0m[35m4609 1 is eating
[0m[36m4808 0 is thinking
[0m[34m4809 1 is sleeping
[0m[33m4810 2 has taken a fork
[0m[33m4810 2 has taken a fork
[0m[35m4810 2 is eating
[0m[36m5008 1 is thinking
[0m[34m5009 2 is sleeping
[0m[33m5009 1 has taken a fork
[0m[33m5009 1 has taken a fork
[0m[35m5009 1 is eating
[0m[36m5209 2 is thinking
[0m[34m5209 1 is sleeping
[0m[33m5210 0 has taken a fork
[0m[33m5210 0 has taken a fork
[0m[35m5210 0 is eating
[0m[36m5410 1 is thinking
[0m[34m5410 0 is sleeping
[0m[33m5410 1 has taken a fork
[0m[33m5410 1 has taken a fork
[0m[35m5410 1 is eating
[0m[36m5611 0 is thinking
[0m[34m5611 1 is sleeping
[0m[33m5611 2 has taken a fork
[0m[33m5611 2 has taken a fork
[0m[35m5611 2 is eating
[0m[36m5811 1 is thinking
[0m[34m5811 2 is sleeping
[0m[33m5812 1 has taken a fork
[0m[33m5812 1 has taken a fork
[0m[35m5812 1 is eating
[0m[36m6011 2 is thinking
[0m[34m6011 1 is sleeping
[0m[33m6011 2 has taken a fork
[0m[33m6011 2 has taken a fork
[0m[35m6011 2 is eating
[0m[36m6211 1 is thinking
[0m[34m6211 2 is sleeping
[0m[33m6211 0 has taken a fork
[0m[33m6211 0 has taken a fork
[0m[35m6211 0 is eating
[0m[36m6411 2 is thinking
[0m[34m6412 0 is sleeping
[0m[33m6412 2 has taken a fork
[0m[33m6412 2 has taken a fork
[0m[35m6412 2 is eating
[0m[36m6612 0 is thinking
[0m[34m6612 2 is sleeping
[0m[33m6612 1 has taken a fork
[0m[33m6612 1 has taken a fork
[0m[35m6612 1 is eating
[0m[34m6813 1 is sleeping
[0m[33m6813 0 has taken a fork
[0m[33m6813 0 has taken a fork
[0m[35m6813 0 is eating
[0m[36m6813 2 is thinking
[0m[34m7012 0 is sleeping
[0m[36m7012 1 is thinking
[0m[33m7012 2 has taken a fork
[0m[33m7012 2 has taken a fork
[0m[35m7012 2 is eating
[0m[36m7212 0 is thinking
[0m[34m7212 2 is sleeping
[0m[33m7213 1 has taken a fork
[0m[33m7213 1 has taken a fork
[0m[35m7213 1 is eating
[0m[36m7413 2 is thinking
[0m[34m7414 1 is sleeping
[0m[33m7414 0 has taken a fork
[0m[33m7414 0 has taken a fork
[0m[35m7414 0 is eating
[0m[36m7614 1 is thinking
[0m[34m7614 0 is sleeping
[0m[33m7614 2 has taken a fork
[0m[33m7614 2 has taken a fork
[0m[35m7614 2 is eating
[0m[36m7814 0 is thinking
[0m[34m7814 2 is sleeping
[0m[33m7815 1 has taken a fork
[0m[33m7815 1 has taken a fork
[0m[35m7815 1 is eating
[0m[36m8014 2 is thinking
[0m[34m8014 1 is sleeping
[0m[33m8014 2 has taken a fork
[0m[33m8014 2 has taken a fork
[0m[35m8014 2 is eating
[0m[34m8215 2 is sleeping
[0m[36m8215 1 is thinking
[0m[33m8215 0 has taken a fork
[0m[33m8215 0 has taken a fork
[0m[35m8215 0 is eating
[0m[36m8415 2 is thinking
[0m[34m8415 0 is sleeping
[0m[33m8415 1 has taken a fork
[0m[33m8415 1 has taken a fork
[0m[35m8415 1 is eating
[0m[36m8615 0 is thinking
[0m[34m8615 1 is sleeping
[0m[33m8616 2 has taken a fork
[0m[33m8616 2 has taken a fork
[0m[35m8616 2 is eating
[0m[36m8815 1 is thinking
[0m[34m8816 2 is sleeping
[0m[33m8816 0 has taken a fork
[0m[33m8816 0 has taken a fork
[0m[35m8816 0 is eating
[0m[34m9016 0 is sleeping
[0m[36m9016 2 is thinking
[0m[33m9016 1 has taken a fork
[0m[33m9016 1 has taken a fork
[0m[35m9016 1 is eating
[0m[36m9216 0 is thinking
[0m[34m9216 1 is sleeping
[0m[33m9216 2 has taken a fork
[0m[33m9216 2 has taken a fork
[0m[35m9216 2 is eating
[0m[36m9417 1 is thinking
[0m[34m9417 2 is sleeping
[0m[33m9417 0 has taken a fork
[0m[33m9417 0 has taken a fork
[0m[35m9417 0 is eating
[0m[36m9617 2 is thinking
[0m[34m9618 0 is sleeping
[0m[33m9618 2 has taken a fork
[0m[33m9618 2 has taken a fork
[0m[35m9618 2 is eating
[0m[36m9818 0 is thinking
[0m[34m9818 2 is sleeping
[0m[33m9819 1 has taken a fork
[0m[33m9819 1 has taken a fork
[0m[35m9819 1 is eating
[0m[36m10017 2 is thinking
[0m[34m10018 1 is sleeping
[0m[33m10018 0 has taken a fork
[0m[33m10018 0 has taken a fork
[0m[35m10018 0 is eating
[0m[36m10218 1 is thinking
[0m[34m10218 0 is sleeping
[0m[33m10218 2 has taken a fork
[0m[33m10218 2 has taken a fork
[0m[35m10218 2 is eating
[0m[34m10418 2 is sleeping
[0m[36m10418 0 is thinking
[0m[33m10419 1 has taken a fork
[0m[33m10419 1 has taken a fork
[0m[35m10419 1 is eating
[0m[36m10618 2 is thinking
[0m[34m10620 1 is sleeping
[0m[33m10620 0 has taken a fork
[0m[33m10620 0 has taken a fork
[0m[35m10620 0 is eating
[0m[36m10820 1 is thinking
[0m[33m10820 2 has taken a fork
[0m[33m10820 2 has taken a fork
[0m[35m10820 2 is eating
[0m[34m10820 0 is sleeping
[0m[34m11019 2 is sleeping
[0m[36m11019 0 is thinking
[0m[33m11020 1 has taken a fork
[0m[33m11020 1 has taken a fork
[0m[35m11020 1 is eating
[0m[36m11219 2 is thinking
[0m[34m11220 1 is sleeping
[0m[33m11220 2 has taken a fork
[0m[33m11220 2 has taken a fork
[0m[35m11220 2 is eating
[0m[36m11420 1 is thinking
[0m[34m11420 2 is sleeping
[0m[33m11421 0 has taken a fork
[0m[33m11421 0 has taken a fork
[0m[35m11421 0 is eating
[0m[36m11621 2 is thinking
[0m[34m11621 0 is sleeping
[0m[33m11622 1 has taken a fork
[0m[33m11622 1 has taken a fork
[0m[35m11622 1 is eating
[0m[36m11821 0 is thinking
[0m[34m11822 1 is sleeping
[0m[33m11822 0 has taken a fork
[0m[33m11822 0 has taken a fork
[0m[35m11822 0 is eating
[0m[34m12021 0 is sleeping
[0m[36m12021 1 is thinking
[0m[33m12021 2 has taken a fork
[0m[33m12021 2 has taken a fork
[0m[35m12021 2 is eating
[0m[36m12222 0 is thinking
[0m[34m12222 2 is sleeping
[0m[33m12222 0 has taken a fork
[0m[33m12222 0 has taken a fork
[0m[35m12222 0 is eating
[0m[34m12422 0 is sleeping
[0m[36m12422 2 is thinking
[0m[33m12423 1 has taken a fork
[0m[33m12423 1 has taken a fork
[0m[35m12423 1 is eating
[0m[36m12623 0 is thinking
[0m[34m12623 1 is sleeping
[0m[33m12624 0 has taken a fork
[0m[33m12624 0 has taken a fork
[0m[35m12624 0 is eating
[0m[36m12823 1 is thinking
[0m[34m12824 0 is sleeping
[0m[33m12824 1 has taken a fork
[0m[33m12824 1 has taken a fork
[0m[35m12824 1 is eating
[0m[34m13023 1 is sleeping
[0m[36m13023 0 is thinking
[0m[33m13024 2 has taken a fork
[0m[33m13024 2 has taken a fork
[0m[35m13024 2 is eating
[0m[36m13223 1 is thinking
[0m[34m13224 2 is sleeping
[0m[33m13224 0 has taken a fork
[0m[33m13224 0 has taken a fork
[0m[35m13224 0 is eating
[0m[36m13424 2 is thinking
[0m[34m13424 0 is sleeping
[0m[33m13425 2 has taken a fork
[0m[33m13425 2 has taken a fork
[0m[35m13425 2 is eating
[0m[34m13625 2 is sleeping
[0m[36m13625 0 is thinking
[0m[33m13625 1 has taken a fork
[0m[33m13625 1 has taken a fork
[0m[35m13625 1 is eating
[0m[36m13825 2 is thinking
[0m[34m13826 1 is sleeping
[0m[33m13826 2 has taken a fork
[0m[33m13826 2 has taken a fork
[0m[35m13826 2 is eating
[0m[36m14026 1 is thinking
[0m[34m14026 2 is sleeping
[0m[33m14026 0 has taken a fork
[0m[33m14026 0 has taken a fork
[0m[35m14026 0 is eating
[0m[36m14226 2 is thinking
[0m[34m14226 0 is sleeping
[0m[33m14226 1 has taken a fork
[0m[33m14226 1 has taken a fork
[0m[35m14226 1 is eating
[0m[34m14427 1 is sleeping
[0m[36m14427 0 is thinking
[0m[33m14427 2 has taken a fork
[0m[33m14427 2 has taken a fork
[0m[35m14427 2 is eating
[0m[36m14627 1 is thinking
[0m[34m14627 2 is sleeping
[0m[33m14627 0 has taken a fork
[0m[33m14627 0 has taken a fork
[0m[35m14627 0 is eating
[0m[36m14828 2 is thinking
[0m[34m14828 0 is sleeping
[0m[33m14828 1 has taken a fork
[0m[33m14828 1 has taken a fork
[0m[35m14828 1 is eating
[0m[36m15027 0 is thinking
[0m[34m15027 1 is sleeping
[0m[33m15027 2 has taken a fork
[0m[33m15027 2 has taken a fork
[0m[35m15027 2 is eating
[0m[36m15227 1 is thinking
[0m[34m15227 2 is sleeping
[0m[33m15227 1 has taken a fork
[0m[33m15227 1 has taken a fork
[0m[35m15227 1 is eating
[0m[34m15428 1 is sleeping
[0m[36m15428 2 is thinking
[0m[33m15428 0 has taken a fork
[0m[33m15428 0 has taken a fork
[0m[35m15428 0 is eating
[0m[36m15628 1 is thinking
[0m[34m15629 0 is sleeping
[0m[33m15629 2 has taken a fork
[0m[33m15629 2 has taken a fork
[0m[35m15629 2 is eating
[0m[34m15829 2 is sleeping
[0m[36m15829 0 is thinking
[0m[33m15829 1 has taken a fork
[0m[33m15829 1 has taken a fork
[0m[35m15829 1 is eating
[0m[36m16028 2 is thinking
[0m[34m16028 1 is sleeping
[0m[33m16029 0 has taken a fork
[0m[33m16029 0 has taken a fork
[0m[35m16029 0 is eating
[0m[36m16228 1 is thinking
[0m[34m16229 0 is sleeping
[0m[33m16230 1 has taken a fork
[0m[33m16230 1 has taken a fork
[0m[35m16230 1 is eating
[0m[36m16429 0 is thinking
[0m[34m16430 1 is sleeping
[0m[33m16430 2 has taken a fork
[0m[33m16430 2 has taken a fork
[0m[35m16430 2 is eating
[0m[34m16630 2 is sleeping
[0m[33m16630 0 has taken a fork
[0m[33m16630 0 has taken a fork
[0m[35m16630 0 is eating
[0m[36m16630 1 is thinking
[0m[36m16830 2 is thinking
[0m[34m16830 0 is sleeping
[0m[33m16831 1 has taken a fork
[0m[33m16831 1 has taken a fork
[0m[35m16831 1 is eating
[0m[36m17029 0 is thinking
[0m[34m17030 1 is sleeping
[0m[33m17031 0 has taken a fork
[0m[33m17031 0 has taken a fork
[0m[35m17031 0 is eating
[0m[34m17231 0 is sleeping
[0m[36m17231 1 is thinking
[0m[33m17231 2 has taken a fork
[0m[33m17231 2 has taken a fork
[0m[35m17231 2 is eating
[0m[34m17431 2 is sleeping
[0m[36m17431 0 is thinking
[0m[33m17432 1 has taken a fork
[0m[33m17432 1 has taken a fork
[0m[35m17432 1 is eating
[0m[36m17632 2 is thinking
[0m[34m17632 1 is sleeping
[0m[33m17632 2 has taken a fork
[0m[33m17632 2 has taken a fork
[0m[35m17632 2 is eating
[0m[34m17832 2 is sleeping
[0m[36m17832 1 is thinking
[0m[33m17833 0 has taken a fork
[0m[33m17833 0 has taken a fork
[0m[35m17833 0 is eating
[0m[36m18032 2 is thinking
[0m[34m18032 0 is sleeping
[0m[33m18032 2 has taken a fork
[0m[33m18032 2 has taken a fork
[0m[35m18032 2 is eating
[0m[34m18233 2 is sleeping
[0m[36m18233 0 is thinking
[0m[33m18233 1 has taken a fork
[0m[33m18233 1 has taken a fork
[0m[35m18233 1 is eating
[0m[34m18433 1 is sleeping
[0m[36m18433 2 is thinking
[0m[33m18433 0 has taken a fork
[0m[33m18433 0 has taken a fork
[0m[35m18433 0 is eating
[0m[36m18633 1 is thinking
[0m[34m18633 0 is sleeping
[0m[33m18633 2 has taken a fork
[0m[33m18633 2 has taken a fork
[0m[35m18633 2 is eating
[0m[36m18833 0 is thinking
[0m[34m18833 2 is sleeping
[0m[33m18834 1 has taken a fork
[0m[33m18834 1 has taken a fork
[0m[35m18834 1 is eating
[0m[36m19033 2 is thinking
[0m[34m19033 1 is sleeping
[0m[33m19033 0 has taken a fork
[0m[33m19033 0 has taken a fork
[0m[35m19033 0 is eating
[0m[36m19234 1 is thinking
[0m[34m19234 0 is sleeping
[0m[33m19234 2 has taken a fork
[0m[33m19234 2 has taken a fork
[0m[35m19234 2 is eating
[0m[34m19434 2 is sleeping
[0m[33m19434 1 has taken a fork
[0m[33m19434 1 has taken a fork
[0m[35m19434 1 is eating
[0m[36m19434 0 is thinking
[0m[34m19634 1 is sleeping
[0m[36m19634 2 is thinking
[0m[33m19634 0 has taken a fork
[0m[33m19634 0 has taken a fork
[0m[35m19634 0 is eating
[0m[36m19835 1 is thinking
[0m[34m19835 0 is sleeping
[0m[33m19835 2 has taken a fork
[0m[33m19835 2 has taken a fork
[0m[35m19835 2 is eating
[0m[36m20034 0 is thinking
[0m[34m20034 2 is sleeping
[0m[33m20034 1 has taken a fork
[0m[33m20034 1 has taken a fork
[0m[35m20034 1 is eating
[0m[34m20235 1 is sleeping
[0m[36m20235 2 is thinking
[0m[33m20235 0 has taken a fork
[0m[33m20235 0 has taken a fork
[0m[35m20235 0 is eating
[0m[36m20435 1 is thinking
[0m[34m20436 0 is sleeping
[0m[33m20436 2 has taken a fork
[0m[33m20436 2 has taken a fork
[0m[35m20436 2 is eating
[0m[34m20636 2 is sleeping
[0m[36m20636 0 is thinking
[0m[33m20636 1 has taken a fork
[0m[33m20636 1 has taken a fork
[0m[35m20636 1 is eating
[0m[36m20836 2 is thinking
[0m[34m20836 1 is sleeping
[0m[33m20837 0 has taken a fork
[0m[33m20837 0 has taken a fork
[0m[35m20837 0 is eating
[0m[36m21036 1 is thinking
[0m[34m21036 0 is sleeping
[0m[33m21037 2 has taken a fork
[0m[33m21037 2 has taken a fork
[0m[35m21037 2 is eating
[0m[36m21237 0 is thinking
[0m[34m21237 2 is sleeping
[0m[33m21237 0 has taken a fork
[0m[33m21237 0 has taken a fork
[0m[35m21237 0 is eating
[0m[36m21438 2 is thinking
[0m[34m21438 0 is sleeping
[0m[33m21438 1 has taken a fork
[0m[33m21438 1 has taken a fork
[0m[35m21438 1 is eating
[0m[36m21638 0 is thinking
[0m[34m21638 1 is sleeping
[0m[33m21639 2 has taken a fork
[0m[33m21639 2 has taken a fork
[0m[35m21639 2 is eating
[0m[36m21839 1 is thinking
[0m[34m21839 2 is sleeping
[0m[33m21839 1 has taken a fork
[0m[33m21839 1 has taken a fork
[0m[35m21839 1 is eating
[0m[36m22038 2 is thinking
[0m[34m22038 1 is sleeping
[0m[33m22038 0 has taken a fork
[0m[33m22038 0 has taken a fork
[0m[35m22038 0 is eating
[0m[36m22238 1 is thinking
[0m[34m22239 0 is sleeping
[0m[33m22239 2 has taken a fork
[0m[33m22239 2 has taken a fork
[0m[35m22239 2 is eating
[0m[36m22439 0 is thinking
[0m[34m22439 2 is sleeping
[0m[33m22440 1 has taken a fork
[0m[33m22440 1 has taken a fork
[0m[35m22440 1 is eating
[0m[36m22640 2 is thinking
[0m[34m22640 1 is sleeping
[0m[33m22640 2 has taken a fork
[0m[33m22640 2 has taken a fork
[0m[35m22640 2 is eating
[0m[36m22840 1 is thinking
[0m[34m22840 2 is sleeping
[0m[33m22841 0 has taken a fork
[0m[33m22841 0 has taken a fork
[0m[35m22841 0 is eating
[0m[36m23040 2 is thinking
[0m[34m23040 0 is sleeping
[0m[33m23040 2 has taken a fork
[0m[33m23040 2 has taken a fork
[0m[35m23040 2 is eating
[0m[36m23240 0 is thinking
[0m[34m23241 2 is sleeping
[0m[33m23241 1 has taken a fork
[0m[33m23241 1 has taken a fork
[0m[35m23241 1 is eating
[0m[36m23441 2 is thinking
[0m[34m23441 1 is sleeping
[0m[33m23442 0 has taken a fork
[0m[33m23442 0 has taken a fork
[0m[35m23442 0 is eating
[0m[36m23641 1 is thinking
[0m[34m23642 0 is sleeping
[0m[33m23643 2 has taken a fork
[0m[33m23643 2 has taken a fork
[0m[35m23643 2 is eating
[0m[36m23842 0 is thinking
[0m[34m23843 2 is sleeping
[0m[33m23843 0 has taken a fork
[0m[33m23843 0 has taken a fork
[0m[35m23843 0 is eating
[0m[36m24042 2 is thinking
[0m[34m24042 0 is sleeping
[0m[33m24043 2 has taken a fork
[0m[33m24043 2 has taken a fork
[0m[35m24043 2 is eating
[0m[36m24243 0 is thinking
[0m[34m24243 2 is sleeping
[0m[33m24243 0 has taken a fork
[0m[33m24243 0 has taken a fork
[0m[35m24243 0 is eating
[0m[36m24444 2 is thinking
[0m[34m24444 0 is sleeping
[0m[33m24444 1 has taken a fork
[0m[33m24444 1 has taken a fork
[0m[35m24444 1 is eating
[0m[36m24644 0 is thinking
[0m[34m24644 1 is sleeping
[0m[33m24644 2 has taken a fork
[0m[33m24644 2 has taken a fork
[0m[35m24644 2 is eating
[0m[34m24845 2 is sleeping
[0m[36m24845 1 is thinking
[0m[33m24845 0 has taken a fork
[0m[33m24845 0 has taken a fork
[0m[35m24845 0 is eating
[0m[36m25044 2 is thinking
[0m[34m25044 0 is sleeping
[0m[33m25045 1 has taken a fork
[0m[33m25045 1 has taken a fork
[0m[35m25045 1 is eating
[0m[36m25245 0 is thinking
[0m[34m25245 1 is sleeping
[0m[33m25245 2 has taken a fork
[0m[33m25245 2 has taken a fork
[0m[35m25245 2 is eating
[0m[36m25446 1 is thinking
[0m[34m25446 2 is sleeping
[0m[33m25446 0 has taken a fork
[0m[33m25446 0 has taken a fork
[0m[35m25446 0 is eating
[0m[36m25646 2 is thinking
[0m[34m25646 0 is sleeping
[0m[33m25646 2 has taken a fork
[0m[33m25646 2 has taken a fork
[0m[35m25646 2 is eating
[0m[36m25847 0 is thinking
[0m[34m25847 2 is sleeping
[0m[33m25847 1 has taken a fork
[0m[33m25847 1 has taken a fork
[0m[35m25847 1 is eating
[0m[36m26046 2 is thinking
[0m[34m26046 1 is sleeping
[0m[33m26046 0 has taken a fork
[0m[33m26046 0 has taken a fork
[0m[35m26046 0 is eating
[0m[34m26246 0 is sleeping
[0m[36m26247 1 is thinking
[0m[33m26247 2 has taken a fork
[0m[33m26247 2 has taken a fork
[0m[35m26247 2 is eating
[0m[36m26446 0 is thinking
[0m[34m26447 2 is sleeping
[0m[33m26447 1 has taken a fork
[0m[33m26447 1 has taken a fork
[0m[35m26447 1 is eating
[0m[36m26647 2 is thinking
[0m[34m26648 1 is sleeping
[0m[33m26648 2 has taken a fork
[0m[33m26648 2 has taken a fork
[0m[35m26648 2 is eating
[0m[36m26848 1 is thinking
[0m[34m26848 2 is sleeping
[0m[33m26849 0 has taken a fork
[0m[33m26849 0 has taken a fork
[0m[35m26849 0 is eating
[0m[36m27048 2 is thinking
[0m[34m27048 0 is sleeping
[0m[33m27049 1 has taken a fork
[0m[33m27049 1 has tak